[2019-01-14 11:52:18,603][    INFO] --- url: /passport/web/auth/uamtk
入参: {'appid': 'otn'}
请求方式: post
 (logger.py:67)
[2019-01-14 11:52:19,330][    INFO] --- 出参：b'{"result_message":"\xe7\x94\xa8\xe6\x88\xb7\xe6\x9c\xaa\xe7\x99\xbb\xe5\xbd\x95","result_code":1}' (logger.py:67)
[2019-01-14 11:52:19,330][    INFO] --- url: /passport/captcha/captcha-check
入参: {'answer': '187,44,49,109', 'rand': 'sjrand', 'login_site': 'E'}
请求方式: post
 (logger.py:67)
[2019-01-14 11:52:19,795][    INFO] --- 出参：b'{"result_message":"\xe9\xaa\x8c\xe8\xaf\x81\xe7\xa0\x81\xe6\xa0\xa1\xe9\xaa\x8c\xe6\x88\x90\xe5\x8a\x9f","result_code":"4"}' (logger.py:67)
[2019-01-14 11:52:19,796][    INFO] --- url: /passport/web/login
入参: {'username': '13995745548', 'password': 'liyucheng816', 'appid': 'otn'}
请求方式: post
 (logger.py:67)
[2019-01-14 11:52:19,997][    INFO] --- 出参：b'{"result_message":"\xe7\x99\xbb\xe5\xbd\x95\xe6\x88\x90\xe5\x8a\x9f","result_code":0,"uamtk":"UhoPOB3o2hGKMyovDfRT_IcZVDnO6A3hRz3ZMo3ys-Qij1210"}' (logger.py:67)
[2019-01-14 11:52:19,998][    INFO] --- url: /passport/web/auth/uamtk
入参: {'appid': 'otn'}
请求方式: post
 (logger.py:67)
[2019-01-14 11:52:20,174][    INFO] --- 出参：b'{"result_message":"\xe9\xaa\x8c\xe8\xaf\x81\xe9\x80\x9a\xe8\xbf\x87","result_code":0,"apptk":null,"newapptk":"9OTlrRJZTPIwR92STroJAU-ruiYlF2-eGKPKkz4Cxucmk1210"}' (logger.py:67)
[2019-01-14 11:52:20,174][    INFO] --- url: /otn/uamauthclient
入参: {'tk': '9OTlrRJZTPIwR92STroJAU-ruiYlF2-eGKPKkz4Cxucmk1210'}
请求方式: post
 (logger.py:67)
[2019-01-14 11:52:20,598][    INFO] --- 出参：b'{"apptk":"9OTlrRJZTPIwR92STroJAU-ruiYlF2-eGKPKkz4Cxucmk1210","result_code":0,"result_message":"\xe9\xaa\x8c\xe8\xaf\x81\xe9\x80\x9a\xe8\xbf\x87","username":"\xe6\x9d\x8e\xe7\x8e\x89\xe6\x88\x90"}' (logger.py:67)
[2019-01-14 11:52:20,599][    INFO] --- url: /otn/confirmPassenger/getPassengerDTOs
入参: "{\"_json_att\": \"\"}"
请求方式: post
 (logger.py:67)
[2019-01-14 11:52:20,783][    INFO] --- 出参：b'{"validateMessagesShowId":"_validatorMessage","status":true,"httpstatus":200,"data":{"notify_for_gat":"","isExist":true,"exMsg":"","two_isOpenClick":["93","95","97","99"],"other_isOpenClick":["91","93","98","99","95","97"],"normal_passengers":[{"code":"1","passenger_name":"\xe6\x9d\x8e\xe7\x8e\x89\xe6\x88\x90","sex_code":"M","sex_name":"\xe7\x94\xb7","born_date":"1999-08-16 00:00:00","country_code":"CN","passenger_id_type_code":"1","passenger_id_type_name":"\xe4\xb8\xad\xe5\x9b\xbd\xe5\xb1\x85\xe6\xb0\x91\xe8\xba\xab\xe4\xbb\xbd\xe8\xaf\x81","passenger_id_no":"420625199908161533","passenger_type":"1","passenger_flag":"0","passenger_type_name":"\xe6\x88\x90\xe4\xba\xba","mobile_no":"13995745548","phone_no":"","email":"1598793890@qq.com","address":"","postalcode":"","first_letter":"LYC","recordCount":"2","total_times":"99","index_id":"0","gat_born_date":"","gat_valid_date_start":"","gat_valid_date_end":"","gat_version":""},{"code":"2","passenger_name":"\xe6\x9e\x97\xe5\x92\xb8\xe8\x8a\xb3","sex_code":"M","sex_name":"\xe7\x94\xb7","born_date":"1984-12-23 00:00:00","country_code":"CN","passenger_id_type_code":"1","passenger_id_type_name":"\xe4\xb8\xad\xe5\x9b\xbd\xe5\xb1\x85\xe6\xb0\x91\xe8\xba\xab\xe4\xbb\xbd\xe8\xaf\x81","passenger_id_no":"331022198412230227","passenger_type":"1","passenger_flag":"0","passenger_type_name":"\xe6\x88\x90\xe4\xba\xba","mobile_no":"","phone_no":"","email":"","address":"","postalcode":"","first_letter":"LXF","recordCount":"2","total_times":"99","index_id":"1","gat_born_date":"","gat_valid_date_start":"","gat_valid_date_end":"","gat_version":""}],"dj_passengers":[]},"messages":[],"validateMessages":{}}' (logger.py:67)
